<?xml version="1.0" encoding="UTF-8"?>
<testng-results ignored="0" total="1" passed="1" failed="0" skipped="0">
  <reporter-output>
  </reporter-output>
  <suite started-at="2025-04-03T11:11:47 IST" name="Default suite" finished-at="2025-04-03T11:11:59 IST" duration-ms="11769">
    <groups>
    </groups>
    <test started-at="2025-04-03T11:11:47 IST" name="Default test" finished-at="2025-04-03T11:11:59 IST" duration-ms="11769">
      <class name="reports.extent.ExtentReportsDemo">
        <test-method is-config="true" signature="extentInit()[pri:0, instance:reports.extent.ExtentReportsDemo@175c2241]" started-at="2025-04-03T11:11:47 IST" name="extentInit" finished-at="2025-04-03T11:11:47 IST" duration-ms="266" status="PASS">
          <reporter-output>
          </reporter-output>
        </test-method> <!-- extentInit -->
        <test-method is-config="true" signature="setUp()[pri:0, instance:reports.extent.ExtentReportsDemo@175c2241]" started-at="2025-04-03T11:11:48 IST" name="setUp" finished-at="2025-04-03T11:11:58 IST" duration-ms="10737" status="PASS">
          <reporter-output>
          </reporter-output>
        </test-method> <!-- setUp -->
        <test-method signature="titleTest()[pri:0, instance:reports.extent.ExtentReportsDemo@175c2241]" started-at="2025-04-03T11:11:58 IST" name="titleTest" finished-at="2025-04-03T11:11:58 IST" duration-ms="180" status="PASS">
          <reporter-output>
          </reporter-output>
        </test-method> <!-- titleTest -->
        <test-method is-config="true" signature="tearDown()[pri:0, instance:reports.extent.ExtentReportsDemo@175c2241]" started-at="2025-04-03T11:11:58 IST" name="tearDown" finished-at="2025-04-03T11:11:59 IST" duration-ms="209" status="PASS">
          <reporter-output>
          </reporter-output>
        </test-method> <!-- tearDown -->
        <test-method is-config="true" signature="endReport()[pri:0, instance:reports.extent.ExtentReportsDemo@175c2241]" started-at="2025-04-03T11:11:59 IST" name="endReport" finished-at="2025-04-03T11:11:59 IST" duration-ms="331" status="PASS">
          <reporter-output>
          </reporter-output>
        </test-method> <!-- endReport -->
      </class> <!-- reports.extent.ExtentReportsDemo -->
    </test> <!-- Default test -->
  </suite> <!-- Default suite -->
</testng-results>
